c:\documents and settıngs\admınıstrator\my documents\vısual studıo 2010\projects\bgı\debug\vc100.pdb
c:\documents and settıngs\admınıstrator\my documents\vısual studıo 2010\projects\bgı\debug\bgıout.obj
c:\documents and settıngs\admınıstrator\my documents\vısual studıo 2010\projects\bgı\debug\wınthread.obj
c:\documents and settıngs\admınıstrator\my documents\vısual studıo 2010\projects\bgı\debug\bgı.obj
c:\documents and settıngs\admınıstrator\my documents\vısual studıo 2010\projects\bgı\debug\drawıng.obj
c:\documents and settıngs\admınıstrator\my documents\vısual studıo 2010\projects\bgı\debug\mısc.obj
c:\documents and settıngs\admınıstrator\my documents\vısual studıo 2010\projects\bgı\debug\mouse.obj
c:\documents and settıngs\admınıstrator\my documents\vısual studıo 2010\projects\bgı\debug\palette.obj
c:\documents and settıngs\admınıstrator\my documents\vısual studıo 2010\projects\bgı\debug\text.obj
c:\documents and settıngs\admınıstrator\my documents\vısual studıo 2010\projects\bgı\debug\wınbgı.obj
c:\documents and settıngs\admınıstrator\my documents\vısual studıo 2010\projects\bgı\debug\dıbutıl.obj
c:\documents and settıngs\admınıstrator\my documents\vısual studıo 2010\projects\bgı\debug\fıle.obj
c:\documents and settıngs\admınıstrator\my documents\vısual studıo 2010\projects\bgı\debug\test-colors.obj
c:\documents and settıngs\admınıstrator\my documents\vısual studıo 2010\projects\bgı\debug\maın.obj
c:\users\casper-pc\desktop\dersler\1.dönem\bılgısayar mühendıslığıne gırış\proje\labırent\debug\bgıout.obj
c:\users\casper-pc\desktop\dersler\1.dönem\bılgısayar mühendıslığıne gırış\proje\labırent\debug\dıbutıl.obj
c:\users\casper-pc\desktop\dersler\1.dönem\bılgısayar mühendıslığıne gırış\proje\labırent\debug\drawıng.obj
c:\users\casper-pc\desktop\dersler\1.dönem\bılgısayar mühendıslığıne gırış\proje\labırent\debug\fıle.obj
c:\users\casper-pc\desktop\dersler\1.dönem\bılgısayar mühendıslığıne gırış\proje\labırent\debug\mısc.obj
c:\users\casper-pc\desktop\dersler\1.dönem\bılgısayar mühendıslığıne gırış\proje\labırent\debug\mouse.obj
c:\users\casper-pc\desktop\dersler\1.dönem\bılgısayar mühendıslığıne gırış\proje\labırent\debug\palette.obj
c:\users\casper-pc\desktop\dersler\1.dönem\bılgısayar mühendıslığıne gırış\proje\labırent\debug\maın.obj
c:\users\casper-pc\desktop\dersler\1.dönem\bılgısayar mühendıslığıne gırış\proje\labırent\debug\text.obj
c:\users\casper-pc\desktop\dersler\1.dönem\bılgısayar mühendıslığıne gırış\proje\labırent\debug\wınbgı.obj
c:\users\casper-pc\desktop\dersler\1.dönem\bılgısayar mühendıslığıne gırış\proje\labırent\debug\wınthread.obj
c:\users\casper-pc\desktop\dersler\1.dönem\bılgısayar mühendıslığıne gırış\proje\labırent\debug\vc100.pdb
c:\users\casper-pc\desktop\dersler\1.dönem\bılgısayar mühendıslığıne gırış\proje\labırent\debug\labırent.obj
c:\documents and settıngs\admınıstrator\my documents\vısual studıo 2010\projects\bgı\debug\bgı.ılk
c:\documents and settıngs\admınıstrator\my documents\vısual studıo 2010\projects\bgı\debug\bgı.exe
c:\documents and settıngs\admınıstrator\my documents\vısual studıo 2010\projects\bgı\debug\bgı.exe.ıntermedıate.manıfest
c:\documents and settıngs\admınıstrator\my documents\vısual studıo 2010\projects\bgı\debug\bgı.pdb
c:\users\casper-pc\desktop\dersler\1.dönem\bılgısayar mühendıslığıne gırış\proje\labırent\debug\bgı.ılk
c:\users\casper-pc\desktop\dersler\1.dönem\bılgısayar mühendıslığıne gırış\proje\labırent\debug\bgı.exe
c:\users\casper-pc\desktop\dersler\1.dönem\bılgısayar mühendıslığıne gırış\proje\labırent\debug\bgı.exe.ıntermedıate.manıfest
c:\users\casper-pc\desktop\dersler\1.dönem\bılgısayar mühendıslığıne gırış\proje\labırent\debug\bgı.pdb
c:\users\pc\desktop\lecture\3. dönem\ap\app\labırent\debug\vc120.pdb
c:\users\pc\desktop\lecture\3. dönem\ap\app\labırent\debug\vc120.ıdb
c:\users\pc\desktop\lecture\3. dönem\ap\app\labırent\debug\bgıout.obj
c:\users\pc\desktop\lecture\3. dönem\ap\app\labırent\debug\dıbutıl.obj
c:\users\pc\desktop\lecture\3. dönem\ap\app\labırent\debug\drawıng.obj
c:\users\pc\desktop\lecture\3. dönem\ap\app\labırent\debug\fıle.obj
c:\users\pc\desktop\lecture\3. dönem\ap\app\labırent\debug\labırent.obj
c:\users\pc\desktop\lecture\3. dönem\ap\app\labırent\debug\mısc.obj
c:\users\pc\desktop\lecture\3. dönem\ap\app\labırent\debug\mouse.obj
c:\users\pc\desktop\lecture\3. dönem\ap\app\labırent\debug\palette.obj
c:\users\pc\desktop\lecture\3. dönem\ap\app\labırent\debug\maın.obj
c:\users\pc\desktop\lecture\3. dönem\ap\app\labırent\debug\text.obj
c:\users\pc\desktop\lecture\3. dönem\ap\app\labırent\debug\wınbgı.obj
c:\users\pc\desktop\lecture\3. dönem\ap\app\labırent\debug\wınthread.obj
c:\users\pc\desktop\lecture\3. dönem\ap\dığer\labırent\debug\vc120.pdb
c:\users\pc\desktop\lecture\3. dönem\ap\dığer\labırent\debug\vc120.ıdb
c:\users\pc\desktop\lecture\3. dönem\ap\dığer\labırent\debug\bgıout.obj
c:\users\pc\desktop\lecture\3. dönem\ap\dığer\labırent\debug\dıbutıl.obj
c:\users\pc\desktop\lecture\3. dönem\ap\dığer\labırent\debug\drawıng.obj
c:\users\pc\desktop\lecture\3. dönem\ap\dığer\labırent\debug\fıle.obj
c:\users\pc\desktop\lecture\3. dönem\ap\dığer\labırent\debug\labırent.obj
c:\users\pc\desktop\lecture\3. dönem\ap\dığer\labırent\debug\mısc.obj
c:\users\pc\desktop\lecture\3. dönem\ap\dığer\labırent\debug\mouse.obj
c:\users\pc\desktop\lecture\3. dönem\ap\dığer\labırent\debug\palette.obj
c:\users\pc\desktop\lecture\3. dönem\ap\dığer\labırent\debug\maın.obj
c:\users\pc\desktop\lecture\3. dönem\ap\dığer\labırent\debug\text.obj
c:\users\pc\desktop\lecture\3. dönem\ap\dığer\labırent\debug\wınbgı.obj
c:\users\pc\desktop\lecture\3. dönem\ap\dığer\labırent\debug\wınthread.obj
c:\users\pc\desktop\lecture\3. dönem\ap\app\labırent\debug\bgı.ılk
c:\users\pc\desktop\lecture\3. dönem\ap\app\labırent\debug\bgı.exe
c:\users\pc\desktop\lecture\3. dönem\ap\app\labırent\debug\bgı.pdb
c:\users\pc\desktop\lecture\3. dönem\ap\dığer\labırent\debug\bgı.ılk
c:\users\pc\desktop\lecture\3. dönem\ap\dığer\labırent\debug\bgı.exe
c:\users\pc\desktop\lecture\3. dönem\ap\dığer\labırent\debug\bgı.pdb
c:\users\pc\desktop\lecture\3. dönem\ap\diğer\labirent\debug\bgi.vcxprojresolveassemblyreference.cache
c:\users\pc\desktop\lecture\3. dönem\ap\diğer\labirent\debug\bgi.obj
c:\users\pc\desktop\lecture\3. dönem\ap\diğer\labirent\debug\bgiout.obj
c:\users\pc\desktop\lecture\3. dönem\ap\diğer\labirent\debug\dibutil.obj
c:\users\pc\desktop\lecture\3. dönem\ap\diğer\labirent\debug\drawing.obj
c:\users\pc\desktop\lecture\3. dönem\ap\diğer\labirent\debug\file.obj
c:\users\pc\desktop\lecture\3. dönem\ap\diğer\labirent\debug\labirent.obj
c:\users\pc\desktop\lecture\3. dönem\ap\diğer\labirent\debug\main.obj
c:\users\pc\desktop\lecture\3. dönem\ap\diğer\labirent\debug\misc.obj
c:\users\pc\desktop\lecture\3. dönem\ap\diğer\labirent\debug\mouse.obj
c:\users\pc\desktop\lecture\3. dönem\ap\diğer\labirent\debug\palette.obj
c:\users\pc\desktop\lecture\3. dönem\ap\diğer\labirent\debug\test-colors.obj
c:\users\pc\desktop\lecture\3. dönem\ap\diğer\labirent\debug\text.obj
c:\users\pc\desktop\lecture\3. dönem\ap\diğer\labirent\debug\winbgi.obj
c:\users\pc\desktop\lecture\3. dönem\ap\diğer\labirent\debug\winthread.obj
c:\users\pc\desktop\lecture\3. dönem\ap\diğer\labirent\debug\bgi.ilk
c:\users\pc\desktop\lecture\3. dönem\ap\diğer\labirent\debug\bgi.write.1.tlog
c:\users\pc\desktop\lecture\3. dönem\ap\diğer\labirent\debug\cl.command.1.tlog
c:\users\pc\desktop\lecture\3. dönem\ap\diğer\labirent\debug\cl.read.1.tlog
c:\users\pc\desktop\lecture\3. dönem\ap\diğer\labirent\debug\cl.write.1.tlog
c:\users\pc\desktop\lecture\3. dönem\ap\diğer\labirent\debug\link.command.1.tlog
c:\users\pc\desktop\lecture\3. dönem\ap\diğer\labirent\debug\link.read.1.tlog
c:\users\pc\desktop\lecture\3. dönem\ap\diğer\labirent\debug\link.write.1.tlog
c:\users\pc\desktop\lecture\3. dönem\ap\diğer\labirent\debug\mt.command.1.tlog
c:\users\pc\desktop\lecture\3. dönem\ap\diğer\labirent\debug\mt.read.1.tlog
c:\users\pc\desktop\lecture\3. dönem\ap\diğer\labirent\debug\mt.write.1.tlog
c:\users\pc\desktop\lecture\3. dönem\ap\diğer\labirent\debug\bgi.exe.intermediate.manifest
c:\users\pc\desktop\lecture\3. dönem\ap\diğer\labirent\debug\vc100.idb
c:\users\pc\desktop\lecture\3. dönem\ap\diğer\labirent\debug\vc120.idb
c:\users\pc\desktop\lecture\3. dönem\ap\diğer\labirent\debug\bgi.pdb
c:\users\pc\desktop\lecture\3. dönem\ap\diğer\labirent\debug\vc100.pdb
c:\users\pc\desktop\lecture\3. dönem\ap\diğer\labirent\debug\vc120.pdb
c:\users\pc\desktop\lecture\3. dönem\ap\diğer\labirent\debug\bgi.exe
c:\users\pc\desktop\lecture\3. dönem\ap\diğer\labirent\debug\bgi.tlog\cl.command.1.tlog
c:\users\pc\desktop\lecture\3. dönem\ap\diğer\labirent\debug\bgi.tlog\cl.read.1.tlog
c:\users\pc\desktop\lecture\3. dönem\ap\diğer\labirent\debug\bgi.tlog\cl.write.1.tlog
c:\users\pc\desktop\lecture\3. dönem\ap\diğer\labirent\debug\bgi.tlog\link.command.1.tlog
c:\users\pc\desktop\lecture\3. dönem\ap\diğer\labirent\debug\bgi.tlog\link.read.1.tlog
c:\users\pc\desktop\lecture\3. dönem\ap\diğer\labirent\debug\bgi.tlog\link.write.1.tlog
